Build started 10/20/2016 9:03:08 PM.
     1>Project "C:\Users\respino6\Documents\230\GP230-Poker\GP230-Poker.vcxproj" on node 2 (Rebuild target(s)).
     1>ClCompile:
         C:\Program Files (x86)\Microsoft Visual Studio 14.0\VC\bin\CL.exe /c /Zi /nologo /W3 /WX- /sdl /O2 /Oi /Oy- /GL /D _MBCS /Gm- /EHsc /MD /GS /Gy /fp:precise /Zc:wchar_t /Zc:forScope /Zc:inline /Fo"Release\\" /Fd"Release\vc140.pdb" /Gd /TP /analyze- /errorReport:prompt Card.cpp LinkedList.cpp main.cpp
         Card.cpp
         LinkedList.cpp
         main.cpp
     1>main.cpp(455): warning C4018: '<': signed/unsigned mismatch
     1>main.cpp(765): warning C4244: '=': conversion from 'int' to 'float', possible loss of data
     1>main.cpp(766): warning C4244: '=': conversion from 'int' to 'float', possible loss of data
     1>main.cpp(767): warning C4244: '=': conversion from 'int' to 'float', possible loss of data
       Link:
         C:\Program Files (x86)\Microsoft Visual Studio 14.0\VC\bin\link.exe /ERRORREPORT:PROMPT /OUT:"C:\Users\respino6\Documents\230\GP230-Poker\Release\GP230-Poker.exe" /NOLOGO kernel32.lib user32.lib gdi32.lib winspool.lib comdlg32.lib advapi32.lib shell32.lib ole32.lib oleaut32.lib uuid.lib odbc32.lib odbccp32.lib /MANIFEST /MANIFESTUAC:"level='asInvoker' uiAccess='false'" /manifest:embed /Debug /PDB:"C:\Users\respino6\Documents\230\GP230-Poker\Release\GP230-Poker.pdb" /OPT:REF /OPT:ICF /LTCG:incremental /TLBID:1 /DYNAMICBASE /NXCOMPAT /IMPLIB:"C:\Users\respino6\Documents\230\GP230-Poker\Release\GP230-Poker.lib" /MACHINE:X86 /SAFESEH Release\Card.obj
         Release\LinkedList.obj
         Release\main.obj
         Generating code
         All 304 functions were compiled because no usable IPDB/IOBJ from previous compilation was found.
         Finished generating code
         GP230-Poker.vcxproj -> C:\Users\respino6\Documents\230\GP230-Poker\Release\GP230-Poker.exe
     1>Done Building Project "C:\Users\respino6\Documents\230\GP230-Poker\GP230-Poker.vcxproj" (Rebuild target(s)).

Build succeeded.

Time Elapsed 00:00:01.40
